<?xml version="1.0" encoding="UTF-8"?>
<testng-results ignored="0" total="1" passed="1" failed="0" skipped="0">
  <reporter-output>
  </reporter-output>
  <suite started-at="2023-05-05T04:05:32 GMT-03:00" name="Default suite" finished-at="2023-05-05T04:05:54 GMT-03:00" duration-ms="21754">
    <groups>
    </groups>
    <test started-at="2023-05-05T04:05:32 GMT-03:00" name="Default test" finished-at="2023-05-05T04:05:54 GMT-03:00" duration-ms="21754">
      <class name="testePojo.PojoValidaCreate">
        <test-method signature="DeserTest()[pri:0, instance:testePojo.PojoValidaCreate@4944252c]" started-at="2023-05-05T04:05:33 GMT-03:00" name="DeserTest" finished-at="2023-05-05T04:05:54 GMT-03:00" duration-ms="21358" status="PASS">
          <reporter-output>
          </reporter-output>
        </test-method> <!-- DeserTest -->
      </class> <!-- testePojo.PojoValidaCreate -->
    </test> <!-- Default test -->
  </suite> <!-- Default suite -->
</testng-results>
