<?xml version="1.0" encoding="UTF-8"?>
<testng-results ignored="0" total="1" passed="1" failed="0" skipped="0">
  <reporter-output>
  </reporter-output>
  <suite started-at="2023-05-05T03:17:46 GMT-03:00" name="Default suite" finished-at="2023-05-05T03:17:59 GMT-03:00" duration-ms="13432">
    <groups>
    </groups>
    <test started-at="2023-05-05T03:17:46 GMT-03:00" name="Default test" finished-at="2023-05-05T03:17:59 GMT-03:00" duration-ms="13432">
      <class name="sessao1.serializarUser">
        <test-method signature="criarJsonObject()[pri:0, instance:sessao1.serializarUser@120f102b]" started-at="2023-05-05T03:17:46 GMT-03:00" name="criarJsonObject" finished-at="2023-05-05T03:17:59 GMT-03:00" duration-ms="13186" status="PASS">
          <reporter-output>
          </reporter-output>
        </test-method> <!-- criarJsonObject -->
      </class> <!-- sessao1.serializarUser -->
    </test> <!-- Default test -->
  </suite> <!-- Default suite -->
</testng-results>
